<?xml version="1.0" encoding="UTF-8"?>
<!-- Generated by org.testng.reporters.JUnitReportReporter -->
<testsuite hostname="LAPTOP-8E91KTDJ" failures="0" tests="5" name="com.TutorialsNinja.Qa.TestCases.Register_Test" time="44.543" errors="0" timestamp="2023-07-13T10:50:47 EDT" skipped="0">
  <testcase classname="com.TutorialsNinja.Qa.TestCases.Register_Test" name="verifyRegisteringAnAccountwithMandatoryFields" time="8.375"/>
  <testcase classname="com.TutorialsNinja.Qa.TestCases.Register_Test" name="verifyRegisteringAnAccountwithAllFields" time="10.052"/>
  <testcase classname="com.TutorialsNinja.Qa.TestCases.Register_Test" name="verifyRegisteringAnAccountwithExistingEmailAddress" time="11.968"/>
  <testcase classname="com.TutorialsNinja.Qa.TestCases.Register_Test" name="verifyRegisteringAnAccountWithOutFillingAnyDetails" time="7.032"/>
  <testcase classname="com.TutorialsNinja.Qa.TestCases.Register_Test" name="verifyRegisteringAnAccountWarningStatusWithoutFillingAnyDetails" time="7.116"/>
</testsuite> <!-- com.TutorialsNinja.Qa.TestCases.Register_Test -->
