<?xml version="1.0" encoding="UTF-8"?>
<!-- Generated by org.testng.reporters.JUnitReportReporter -->
<testsuite hostname="LAPTOP-8E91KTDJ" failures="0" tests="3" name="com.TutorialsNinja.Qa.TestCases.Search_Test" time="17.726" errors="0" timestamp="2023-07-13T10:43:05 EDT" skipped="0">
  <testcase classname="com.TutorialsNinja.Qa.TestCases.Search_Test" name="verifySearchWithValidProduct" time="6.084"/>
  <testcase classname="com.TutorialsNinja.Qa.TestCases.Search_Test" name="verifySearchWithInvalidProduct" time="5.803"/>
  <testcase classname="com.TutorialsNinja.Qa.TestCases.Search_Test" name="verifySearchWithoutAnyProduct" time="5.839"/>
</testsuite> <!-- com.TutorialsNinja.Qa.TestCases.Search_Test -->
