<?xml version="1.0" encoding="UTF-8"?>
<!-- Generated by org.testng.reporters.JUnitReportReporter -->
<testsuite hostname="LAPTOP-8E91KTDJ" failures="0" tests="5" name="com.TutorialsNinja.Qa.TestCases.Login_Test" time="34.118" errors="0" timestamp="2023-07-13T10:43:05 EDT" skipped="0">
  <testcase classname="com.TutorialsNinja.Qa.TestCases.Login_Test" name="verifyLoginWithValidCredentials" time="7.085"/>
  <testcase classname="com.TutorialsNinja.Qa.TestCases.Login_Test" name="verifyLoginwithInvalidEmailValidPasswordCredentialsDynamic" time="6.666"/>
  <testcase classname="com.TutorialsNinja.Qa.TestCases.Login_Test" name="verifyLoginwithInvalidCredentials" time="7.067"/>
  <testcase classname="com.TutorialsNinja.Qa.TestCases.Login_Test" name="verifyLoginwithValidEmailInvalidPassword" time="6.772"/>
  <testcase classname="com.TutorialsNinja.Qa.TestCases.Login_Test" name="verifyLoginWithoutProvidingCredentials" time="6.528"/>
</testsuite> <!-- com.TutorialsNinja.Qa.TestCases.Login_Test -->
