<?xml version="1.0" encoding="UTF-8"?>
<!-- Generated by org.testng.reporters.JUnitReportReporter -->
<testsuite hostname="LAPTOP-8E91KTDJ" failures="0" tests="5" name="com.TutorialsNinja.Qa.TestCases.Register_Test" time="40.416" errors="0" timestamp="2023-07-13T11:53:34 EDT" skipped="0">
  <testcase classname="com.TutorialsNinja.Qa.TestCases.Register_Test" name="verifyRegisteringAnAccountwithMandatoryFields" time="8.387"/>
  <testcase classname="com.TutorialsNinja.Qa.TestCases.Register_Test" name="verifyRegisteringAnAccountwithAllFields" time="8.088"/>
  <testcase classname="com.TutorialsNinja.Qa.TestCases.Register_Test" name="verifyRegisteringAnAccountwithExistingEmailAddress" time="7.749"/>
  <testcase classname="com.TutorialsNinja.Qa.TestCases.Register_Test" name="verifyRegisteringAnAccountWithOutFillingAnyDetails" time="7.002"/>
  <testcase classname="com.TutorialsNinja.Qa.TestCases.Register_Test" name="verifyRegisteringAnAccountWarningStatusWithoutFillingAnyDetails" time="9.190"/>
</testsuite> <!-- com.TutorialsNinja.Qa.TestCases.Register_Test -->
