<?xml version="1.0" encoding="UTF-8"?>
<!-- Generated by org.testng.reporters.JUnitReportReporter -->
<testsuite hostname="LAPTOP-8E91KTDJ" failures="0" tests="5" name="com.TutorialsNinja.Qa.TestCases.Login_Test" time="33.494" errors="0" timestamp="2023-07-13T11:53:34 EDT" skipped="0">
  <testcase classname="com.TutorialsNinja.Qa.TestCases.Login_Test" name="verifyLoginWithValidCredentials" time="6.891"/>
  <testcase classname="com.TutorialsNinja.Qa.TestCases.Login_Test" name="verifyLoginwithInvalidEmailValidPasswordCredentialsDynamic" time="6.989"/>
  <testcase classname="com.TutorialsNinja.Qa.TestCases.Login_Test" name="verifyLoginwithInvalidCredentials" time="6.505"/>
  <testcase classname="com.TutorialsNinja.Qa.TestCases.Login_Test" name="verifyLoginwithValidEmailInvalidPassword" time="6.599"/>
  <testcase classname="com.TutorialsNinja.Qa.TestCases.Login_Test" name="verifyLoginWithoutProvidingCredentials" time="6.510"/>
</testsuite> <!-- com.TutorialsNinja.Qa.TestCases.Login_Test -->
